"../../../../UT Games/ss14/Content/Library/SaveArraySave.uasset" 0
"../../../../UT Games/ss14/Content/Library/LevelChunk.uasset" 1
"../../../../UT Games/ss14/Content/Library/LevelChunkSave.uasset" 2
"../../../../UT Games/ss14/Content/myGameInstance.uasset" 3
"../../../../UT Games/ss14/Content/myGameState.uasset" 4
"../../../Engine/Content/EditorBlueprintResources/StandardMacros.uasset" 5
"../../../../UT Games/ss14/Content/Blueprints/Atom/Object/Machine/Machine.uasset" 6
"../../../../UT Games/ss14/Content/Blueprints/BPI_Interaction.uasset" 7
"../../../../UT Games/ss14/Content/Materials/MasterMat.uasset" 8
"../../../../UT Games/ss14/Content/Materials/MI_Walltile.uasset" 9
"../../../../UT Games/ss14/Content/Imports/Material_010.uasset" 10
"../../../../UT Games/ss14/Content/Imports/Airlock_Airlock_Frame.uasset" 11
"../../../../UT Games/ss14/Content/Imports/Material_008.uasset" 12
"../../../../UT Games/ss14/Content/Imports/Airlock_Door_01.uasset" 13
"../../../../UT Games/ss14/Content/Imports/Airlock_Door_02.uasset" 14
"../../../../UT Games/ss14/Content/Blueprints/Atom/Object/Machine/Door/Door.uasset" 15
"../../../Engine/Content/ArtTools/RenderToTexture/Enums/EFloatTypes.uasset" 16
"../../../Engine/Content/ArtTools/RenderToTexture/Enums/EIntTypes.uasset" 17
"../../../Engine/Content/ArtTools/RenderToTexture/Macros/RenderToTextureMacros.uasset" 18
"../../../../UT Games/ss14/Content/Library/Coord.uasset" 19
"../../../../UT Games/ss14/Content/Directions/Direction.uasset" 20
"../../../../UT Games/ss14/Content/Library/GridMath.uasset" 21
"../../../../UT Games/ss14/Content/Directions/North.uasset" 22
"../../../../UT Games/ss14/Content/Directions/South.uasset" 23
"../../../Engine/Content/BasicShapes/BasicShapeMaterial.uasset" 24
"../../../Engine/Content/Functions/Engine_MaterialFunctions01/Opacity/CameraDepthFade.uasset" 25
"../../../Engine/Content/EngineMaterials/T_Default_Material_Grid_M.uasset" 26
"../../../Engine/Content/EngineMaterials/T_Default_Material_Grid_N.uasset" 27
"../../../Engine/Content/EngineMaterials/DefaultMaterial.uasset" 28
"../../../Engine/Content/BasicShapes/Sphere.uasset" 29
"../../../../UT Games/ss14/Content/Blueprints/BP_TileMap.uasset" 30
"../../../../UT Games/ss14/Content/Directions/West.uasset" 31
"../../../../UT Games/ss14/Content/Directions/East.uasset" 32
"../../../../UT Games/ss14/Content/Directions/SouthWest.uasset" 33
"../../../../UT Games/ss14/Content/Directions/NorthEast.uasset" 34
"../../../../UT Games/ss14/Content/Directions/NorthWest.uasset" 35
"../../../../UT Games/ss14/Content/Directions/SouthEast.uasset" 36
"../../../../UT Games/ss14/Content/StarterContent/Textures/T_Ceramic_Tile_M.uasset" 37
"../../../../UT Games/ss14/Content/StarterContent/Textures/T_Ceramic_Tile_N.uasset" 38
"../../../../UT Games/ss14/Content/StarterContent/Textures/T_Perlin_Noise_M.uasset" 39
"../../../../UT Games/ss14/Content/StarterContent/Textures/T_Rock_Marble_Polished_D.uasset" 40
"../../../../UT Games/ss14/Content/StarterContent/Materials/M_Ceramic_Tile_Checker.uasset" 41
"../../../../UT Games/ss14/Content/StarterContent/Textures/T_Concrete_Tiles_D.uasset" 42
"../../../../UT Games/ss14/Content/StarterContent/Textures/T_Concrete_Tiles_M.uasset" 43
"../../../../UT Games/ss14/Content/StarterContent/Textures/T_Concrete_Tiles_N.uasset" 44
"../../../../UT Games/ss14/Content/StarterContent/Textures/T_Concrete_Tiles_Variation_M.uasset" 45
"../../../../UT Games/ss14/Content/StarterContent/Textures/T_MacroVariation.uasset" 46
"../../../../UT Games/ss14/Content/StarterContent/Materials/M_Concrete_Tiles.uasset" 47
"../../../../UT Games/ss14/Content/StarterContent/Textures/T_Metal_Aluminum_D.uasset" 48
"../../../../UT Games/ss14/Content/StarterContent/Textures/T_Metal_Gold_N.uasset" 49
"../../../../UT Games/ss14/Content/StarterContent/Materials/M_Metal_Burnished_Steel.uasset" 50
"../../../../UT Games/ss14/Content/Materials/MI_Catwalk.uasset" 51
"../../../Engine/Content/EngineMaterials/WorldGridMaterial.uasset" 52
"../../../Engine/Content/BasicShapes/Plane.uasset" 53
"../../../../UT Games/ss14/Content/Blueprints/Turf/Atmos_HUD.uasset" 54
"../../../../UT Games/ss14/Content/Materials/MI_Lattice.uasset" 55
"../../../../UT Games/ss14/Content/Imports/Lattice_sm.uasset" 56
"../../../../UT Games/ss14/Content/Imports/Material.uasset" 57
"../../../../UT Games/ss14/Content/Imports/Material_001.uasset" 58
"../../../../UT Games/ss14/Content/Imports/Wall_NoNeighbors_sm.uasset" 59
"../../../../UT Games/ss14/Content/Blueprints/Turf/Turf.uasset" 60
"../../../../UT Games/ss14/Content/Blueprints/Atom/Object/Object.uasset" 61
"../../../../UT Games/ss14/Content/Blueprints/Atom/Object/Held/Held.uasset" 62
"../../../../UT Games/ss14/Content/Reagents/Reagent.uasset" 63
"../../../../UT Games/ss14/Content/Blueprints/Atom/BP_Atom.uasset" 64
"../../../../UT Games/ss14/Content/Player/Model/SpessmanSputnik_Skeleton.uasset" 65
"../../../../UT Games/ss14/Content/Player/Model/Anim/SS_Idle.uasset" 66
"../../../../UT Games/ss14/Content/Player/Model/Anim/SS_Running.uasset" 67
"../../../../UT Games/ss14/Content/Player/Model/Anim/SS_Walking.uasset" 68
"../../../../UT Games/ss14/Content/Player/Model/Anim/idlerunbs1.uasset" 69
"../../../Engine/Content/BasicShapes/Cone.uasset" 70
"../../../../UT Games/ss14/Content/Library/PlayerUI.uasset" 71
"../../../../UT Games/ss14/Content/Player/MobPawn.uasset" 72
"../../../../UT Games/ss14/Content/Player/Model/Anim/Spessman_AnimBP.uasset" 73
"../../../../UT Games/ss14/Content/Player/Model/Material.uasset" 74
"../../../../UT Games/ss14/Content/Player/Model/Material_001.uasset" 75
"../../../../UT Games/ss14/Content/Player/Model/Material_002.uasset" 76
"../../../../UT Games/ss14/Content/Player/Model/Material_003.uasset" 77
"../../../../UT Games/ss14/Content/Player/Model/SpessmanSputnik_PhysicsAsset.uasset" 78
"../../../../UT Games/ss14/Content/Player/Model/SpessmanSputnik.uasset" 79
"../../../../UT Games/ss14/Content/Player/Living.uasset" 80
"../../../../UT Games/ss14/Content/Player/myPC.uasset" 81
"../../../../UT Games/ss14/Content/Player/myPlayerState.uasset" 82
"../../../../UT Games/ss14/Content/myGM.uasset" 83
"../../../../UT Games/ss14/Content/Blueprints/BP_Atom.uasset" 84
"../../../../UT Games/ss14/Content/Blueprints/Door.uasset" 85
"../../../../UT Games/ss14/Content/Blueprints/Machine.uasset" 86
"../../../../UT Games/ss14/Content/Blueprints/Object.uasset" 87
"../../../../UT Games/ss14/Content/Blueprints/Turf.uasset" 88
"../../../../UT Games/ss14/Content/Geometry/Meshes/CubeMaterial.uasset" 89
"../../../../UT Games/ss14/Content/Geometry/Meshes/1M_Cube.uasset" 90
"../../../../UT Games/ss14/Content/Geometry/Meshes/1M_Cube_Chamfer.uasset" 91
"../../../../UT Games/ss14/Content/Geometry/Meshes/TemplateFloor.uasset" 92
"../../../../UT Games/ss14/Content/Mannequin/Character/Mesh/UE4_Mannequin_Skeleton.uasset" 93
"../../../../UT Games/ss14/Content/Mannequin/Animations/ThirdPersonJump_End.uasset" 94
"../../../../UT Games/ss14/Content/Mannequin/Animations/ThirdPerson_Jump.uasset" 95
"../../../../UT Games/ss14/Content/Mannequin/Animations/ThirdPersonJump_Loop.uasset" 96
"../../../../UT Games/ss14/Content/Mannequin/Animations/ThirdPersonJump_Start.uasset" 97
"../../../../UT Games/ss14/Content/Mannequin/Animations/ThirdPersonIdle.uasset" 98
"../../../../UT Games/ss14/Content/Mannequin/Animations/ThirdPersonRun.uasset" 99
"../../../../UT Games/ss14/Content/Mannequin/Animations/ThirdPersonWalk.uasset" 100
"../../../../UT Games/ss14/Content/Mannequin/Animations/ThirdPerson_IdleRun_2D.uasset" 101
"../../../../UT Games/ss14/Content/Mannequin/Animations/ThirdPerson_AnimBP.uasset" 102
"../../../Engine/Content/Functions/Engine_MaterialFunctions02/Utility/BlendAngleCorrectedNormals.uasset" 103
"../../../Engine/Content/Functions/MaterialLayerFunctions/MatLayerBlend_NormalBlend.uasset" 104
"../../../Engine/Content/Functions/MaterialLayerFunctions/MatLayerBlend_Simple.uasset" 105
"../../../../UT Games/ss14/Content/Mannequin/Character/Materials/MaterialLayers/T_ML_Rubber_Blue_01_D.uasset" 106
"../../../../UT Games/ss14/Content/Mannequin/Character/Materials/MaterialLayers/T_ML_Rubber_Blue_01_N.uasset" 107
"../../../../UT Games/ss14/Content/Mannequin/Character/Materials/MaterialLayers/ML_GlossyBlack_Latex_UE4.uasset" 108
"../../../../UT Games/ss14/Content/Mannequin/Character/Materials/MaterialLayers/ML_Plastic_Shiny_Beige.uasset" 109
"../../../../UT Games/ss14/Content/Mannequin/Character/Textures/UE4_LOGO_CARD.uasset" 110
"../../../../UT Games/ss14/Content/Mannequin/Character/Materials/MaterialLayers/ML_Plastic_Shiny_Beige_LOGO.uasset" 111
"../../../../UT Games/ss14/Content/Mannequin/Character/Materials/MaterialLayers/T_ML_Aluminum01.uasset" 112
"../../../../UT Games/ss14/Content/Mannequin/Character/Materials/MaterialLayers/T_ML_Aluminum01_N.uasset" 113
"../../../../UT Games/ss14/Content/Mannequin/Character/Materials/MaterialLayers/ML_SoftMetal_UE4.uasset" 114
"../../../../UT Games/ss14/Content/Mannequin/Character/Textures/UE4_Mannequin__normals.uasset" 115
"../../../../UT Games/ss14/Content/Mannequin/Character/Textures/UE4_Mannequin_MAT_MASKA.uasset" 116
"../../../../UT Games/ss14/Content/Mannequin/Character/Materials/M_UE4Man_Body.uasset" 117
"../../../../UT Games/ss14/Content/Mannequin/Character/Textures/UE4Man_Logo_N.uasset" 118
"../../../../UT Games/ss14/Content/Mannequin/Character/Materials/M_UE4Man_ChestLogo.uasset" 119
"../../../../UT Games/ss14/Content/Mannequin/Character/Mesh/SK_Mannequin_PhysicsAsset.uasset" 120
"../../../../UT Games/ss14/Content/Mannequin/Character/Mesh/SK_Mannequin.uasset" 121
"../../../../UT Games/ss14/Content/Materials/MI_Floortile.uasset" 122
"../../../../UT Games/ss14/Content/Materials/MI_Plating.uasset" 123
"../../../../UT Games/ss14/Content/Player/Model/Anim/SS_Button_Pushing.uasset" 124
"../../../../UT Games/ss14/Content/Player/Model/Anim/SS_Falling.uasset" 125
"../../../../UT Games/ss14/Content/Reagents/Carbon.uasset" 126
"../../../../UT Games/ss14/Content/StarterContent/Materials/M_Basic_Wall.uasset" 127
"../../../../UT Games/ss14/Content/StarterContent/Architecture/Pillar_50x500.uasset" 128
"../../../../UT Games/ss14/Content/StarterContent/Architecture/Wall_400x300.uasset" 129
"../../../../UT Games/ss14/Content/StarterContent/Architecture/Wall_400x400.uasset" 130
"../../../../UT Games/ss14/Content/StarterContent/Architecture/Wall_500x500.uasset" 131
"../../../../UT Games/ss14/Content/StarterContent/Architecture/Wall_Door_400x400.uasset" 132
"../../../../UT Games/ss14/Content/StarterContent/Architecture/Wall_Window_400x400.uasset" 133
"../../../../UT Games/ss14/Content/StarterContent/Audio/Collapse01.uasset" 134
"../../../../UT Games/ss14/Content/StarterContent/Audio/Collapse02.uasset" 135
"../../../../UT Games/ss14/Content/StarterContent/Audio/Explosion01.uasset" 136
"../../../../UT Games/ss14/Content/StarterContent/Audio/Explosion02.uasset" 137
"../../../../UT Games/ss14/Content/StarterContent/Audio/Fire01.uasset" 138
"../../../../UT Games/ss14/Content/StarterContent/Audio/Fire_Sparks01.uasset" 139
"../../../../UT Games/ss14/Content/StarterContent/Audio/Light01.uasset" 140
"../../../../UT Games/ss14/Content/StarterContent/Audio/Light01_Cue.uasset" 141
"../../../../UT Games/ss14/Content/StarterContent/Audio/Light02.uasset" 142
"../../../../UT Games/ss14/Content/StarterContent/Audio/Light02_Cue.uasset" 143
"../../../../UT Games/ss14/Content/StarterContent/Audio/Smoke01.uasset" 144
"../../../../UT Games/ss14/Content/StarterContent/Audio/Starter_Birds01.uasset" 145
"../../../../UT Games/ss14/Content/StarterContent/Audio/Starter_Music01.uasset" 146
"../../../../UT Games/ss14/Content/StarterContent/Audio/Starter_Wind05.uasset" 147
"../../../../UT Games/ss14/Content/StarterContent/Audio/Starter_Wind06.uasset" 148
"../../../../UT Games/ss14/Content/StarterContent/Audio/Steam01.uasset" 149
"../../../../UT Games/ss14/Content/StarterContent/Audio/Explosion_Cue.uasset" 150
"../../../../UT Games/ss14/Content/StarterContent/Textures/T_Burst_M.uasset" 151
"../../../../UT Games/ss14/Content/StarterContent/Particles/Materials/M_Burst.uasset" 152
"../../../../UT Games/ss14/Content/StarterContent/Textures/T_Explosion_SubUV.uasset" 153
"../../../../UT Games/ss14/Content/StarterContent/Particles/Materials/M_explosion_subUV.uasset" 154
"../../../../UT Games/ss14/Content/StarterContent/Particles/Materials/m_flare_01.uasset" 155
"../../../Engine/Content/Functions/Engine_MaterialFunctions01/Gradient/RadialGradient.uasset" 156
"../../../../UT Games/ss14/Content/StarterContent/Particles/Materials/M_radial_ramp.uasset" 157
"../../../../UT Games/ss14/Content/StarterContent/Textures/T_Smoke_SubUV.uasset" 158
"../../../../UT Games/ss14/Content/StarterContent/Textures/T_Smoke_Tiled_D.uasset" 159
"../../../../UT Games/ss14/Content/StarterContent/Particles/Materials/M_smoke_subUV.uasset" 160
"../../../../UT Games/ss14/Content/StarterContent/Particles/P_Explosion.uasset" 161
"../../../../UT Games/ss14/Content/StarterContent/Blueprints/Blueprint_Effect_Explosion.uasset" 162
"../../../Engine/Content/EditorMeshes/ColorCalibrator/T_ColorGrid.uasset" 163
"../../../../UT Games/ss14/Content/StarterContent/Materials/M_ColorGrid_LowSpec.uasset" 164
"../../../../UT Games/ss14/Content/StarterContent/Textures/T_Bush_D.uasset" 165
"../../../../UT Games/ss14/Content/StarterContent/Textures/T_Bush_N.uasset" 166
"../../../../UT Games/ss14/Content/StarterContent/Props/Materials/M_Bush.uasset" 167
"../../../../UT Games/ss14/Content/StarterContent/Props/SM_Bush.uasset" 168
"../../../../UT Games/ss14/Content/StarterContent/Textures/T_Chair_M.uasset" 169
"../../../../UT Games/ss14/Content/StarterContent/Textures/T_Chair_N.uasset" 170
"../../../../UT Games/ss14/Content/StarterContent/Props/Materials/M_Chair.uasset" 171
"../../../../UT Games/ss14/Content/StarterContent/Props/SM_Couch.uasset" 172
"../../../../UT Games/ss14/Content/StarterContent/Materials/M_Glass.uasset" 173
"../../../../UT Games/ss14/Content/StarterContent/Textures/T_Door_M.uasset" 174
"../../../../UT Games/ss14/Content/StarterContent/Textures/T_Door_N.uasset" 175
"../../../../UT Games/ss14/Content/StarterContent/Props/Materials/M_Door.uasset" 176
"../../../../UT Games/ss14/Content/StarterContent/Props/SM_Door.uasset" 177
"../../../../UT Games/ss14/Content/StarterContent/Props/Materials/M_MaterialSphere.uasset" 178
"../../../../UT Games/ss14/Content/StarterContent/Props/Materials/M_MaterialSphere_Plain.uasset" 179
"../../../../UT Games/ss14/Content/StarterContent/Props/SM_MatPreviewMesh_02.uasset" 180
"../../../../UT Games/ss14/Content/StarterContent/Textures/T_Detail_Rocky_N.uasset" 181
"../../../../UT Games/ss14/Content/StarterContent/Textures/T_Rock_Basalt_D.uasset" 182
"../../../../UT Games/ss14/Content/StarterContent/Textures/T_RockMesh_M.uasset" 183
"../../../../UT Games/ss14/Content/StarterContent/Textures/T_RockMesh_N.uasset" 184
"../../../../UT Games/ss14/Content/StarterContent/Props/Materials/M_Rock.uasset" 185
"../../../../UT Games/ss14/Content/StarterContent/Props/SM_Rock.uasset" 186
"../../../../UT Games/ss14/Content/StarterContent/Textures/T_Shelf_M.uasset" 187
"../../../../UT Games/ss14/Content/StarterContent/Textures/T_Shelf_N.uasset" 188
"../../../../UT Games/ss14/Content/StarterContent/Props/Materials/M_Shelf.uasset" 189
"../../../../UT Games/ss14/Content/StarterContent/Props/SM_Shelf.uasset" 190
"../../../../UT Games/ss14/Content/StarterContent/Materials/M_Basic_Floor.uasset" 191
"../../../../UT Games/ss14/Content/StarterContent/Props/SM_Stairs.uasset" 192
"../../../../UT Games/ss14/Content/StarterContent/Shapes/Shape_Cone.uasset" 193
"../../../../UT Games/ss14/Content/StarterContent/Shapes/Shape_Cylinder.uasset" 194
"../../../../UT Games/ss14/Content/StarterContent/Shapes/Shape_NarrowCapsule.uasset" 195
"../../../../UT Games/ss14/Content/StarterContent/Shapes/Shape_Pipe.uasset" 196
"../../../../UT Games/ss14/Content/StarterContent/Shapes/Shape_Pipe_180.uasset" 197
"../../../../UT Games/ss14/Content/StarterContent/Shapes/Shape_Pipe_90.uasset" 198
"../../../../UT Games/ss14/Content/StarterContent/Shapes/Shape_Plane.uasset" 199
"../../../../UT Games/ss14/Content/StarterContent/Shapes/Shape_Torus.uasset" 200
"../../../../UT Games/ss14/Content/StarterContent/Shapes/Shape_Trim.uasset" 201
"../../../../UT Games/ss14/Content/StarterContent/Shapes/Shape_Trim_90_In.uasset" 202
"../../../../UT Games/ss14/Content/StarterContent/Shapes/Shape_Trim_90_Out.uasset" 203
"../../../../UT Games/ss14/Content/StarterContent/Shapes/Shape_TriPyramid.uasset" 204
"../../../../UT Games/ss14/Content/StarterContent/Shapes/Shape_Tube.uasset" 205
"../../../../UT Games/ss14/Content/StarterContent/Shapes/Shape_Wedge_A.uasset" 206
"../../../../UT Games/ss14/Content/StarterContent/Shapes/Shape_Wedge_B.uasset" 207
"../../../../UT Games/ss14/Content/StarterContent/Shapes/Shape_WideCapsule.uasset" 208
"../../../Engine/Content/Animation/DefaultAnimCurveCompressionSettings.uasset" 209
"../../../Engine/Content/ArtTools/RenderToTexture/Meshes/S_1_Unit_Plane.uasset" 210
"../../../Engine/Content/BasicShapes/Cube.uasset" 211
"../../../Engine/Content/BasicShapes/Cylinder.uasset" 212
"../../../Engine/Content/EditorLandscapeResources/DataLayer.uasset" 213
"../../../Engine/Content/EditorMaterials/GizmoMaterial.uasset" 214
"../../../Engine/Content/EditorMaterials/MAT_Groups_Toggle.uasset" 215
"../../../Engine/Content/EditorMaterials/MAT_Groups_Visibility.uasset" 216
"../../../Engine/Content/EditorMaterials/PreviewShadowIndicator.uasset" 217
"../../../Engine/Content/EditorMaterials/PreviewShadowIndicatorMaterial.uasset" 218
"../../../Engine/Content/EditorMaterials/MatineeGroups/MAT_ColorTrack.uasset" 219
"../../../Engine/Content/EditorMaterials/MatineeGroups/MAT_Groups_Anim.uasset" 220
"../../../Engine/Content/EditorMaterials/MatineeGroups/MAT_Groups_AudioMaster.uasset" 221
"../../../Engine/Content/EditorMaterials/MatineeGroups/MAT_Groups_Director.uasset" 222
"../../../Engine/Content/EditorMaterials/MatineeGroups/MAT_Groups_Event.uasset" 223
"../../../Engine/Content/EditorMaterials/MatineeGroups/MAT_Groups_Fade.uasset" 224
"../../../Engine/Content/EditorMaterials/MatineeGroups/MAT_Groups_Float.uasset" 225
"../../../Engine/Content/EditorMaterials/MatineeGroups/MAT_Groups_Move.uasset" 226
"../../../Engine/Content/EditorMaterials/MatineeGroups/MAT_Groups_Slomo.uasset" 227
"../../../Engine/Content/EditorMaterials/MatineeGroups/MAT_Groups_Sound.uasset" 228
"../../../Engine/Content/EditorMaterials/MatineeGroups/MAT_Groups_Vector.uasset" 229
"../../../Engine/Content/EditorMaterials/ParticleSystems/PSysThumbnail_NoImage.uasset" 230
"../../../Engine/Content/EditorMaterials/ParticleSystems/PSysThumbnail_OOD.uasset" 231
"../../../Engine/Content/EditorMaterials/Camera/CineMat.uasset" 232
"../../../Engine/Content/EditorMaterials/Camera/MI_CineMat_Rig.uasset" 233
"../../../Engine/Content/EditorMeshes/Camera/SM_CraneRig_Arm.uasset" 234
"../../../Engine/Content/EditorMeshes/Camera/SM_CraneRig_Base.uasset" 235
"../../../Engine/Content/EditorMeshes/Camera/SM_CraneRig_Body.uasset" 236
"../../../Engine/Content/EditorMeshes/Camera/SM_CraneRig_Mount.uasset" 237
"../../../Engine/Content/EditorMeshes/Camera/SM_RailRig_Mount.uasset" 238
"../../../Engine/Content/EditorMeshes/Camera/SM_RailRig_Track.uasset" 239
"../../../Engine/Content/EditorResources/BSPVertex.uasset" 240
"../../../Engine/Content/EditorResources/EmptyActor.uasset" 241
"../../../Engine/Content/EditorResources/S_Actor.uasset" 242
"../../../Engine/Content/EditorResources/S_Note.uasset" 243
"../../../Engine/Content/EditorResources/S_Solver.uasset" 244
"../../../Engine/Content/EditorResources/S_Trigger.uasset" 245
"../../../Engine/Content/EditorResources/AudioIcons/S_AudioComponent.uasset" 246
"../../../Engine/Content/EditorResources/AudioIcons/S_AudioComponent_AutoActivate.uasset" 247
"../../../Engine/Content/EditorResources/LightIcons/S_LightError.uasset" 248
"../../../Engine/Content/EditorResources/SequenceRecorder/Countdown.uasset" 249
"../../../Engine/Content/EditorResources/SequenceRecorder/RecordingIndicator.uasset" 250
"../../../Engine/Content/EditorSounds/Notifications/CompileFailed.uasset" 251
"../../../Engine/Content/EditorSounds/Notifications/CompileFailed_Cue.uasset" 252
"../../../Engine/Content/EditorSounds/Notifications/CompileSuccess.uasset" 253
"../../../Engine/Content/EditorSounds/Notifications/CompileStart_Cue.uasset" 254
"../../../Engine/Content/EditorSounds/Notifications/CompileSuccess_Cue.uasset" 255
"../../../Engine/Content/EngineDamageTypes/DmgTypeBP_Environmental.uasset" 256
"../../../Engine/Content/EngineDebugMaterials/HeatmapGradient.uasset" 257
"../../../Engine/Content/EngineDebugMaterials/BoneWeightMaterial.uasset" 258
"../../../Engine/Content/EngineDebugMaterials/ClothMaterial.uasset" 259
"../../../Engine/Content/EngineDebugMaterials/ClothMaterial_WF.uasset" 260
"../../../Engine/Content/EngineDebugMaterials/DebugEditorMaterial.uasset" 261
"../../../Engine/Content/EngineDebugMaterials/DebugMeshMaterial.uasset" 262
"../../../Engine/Content/EngineDebugMaterials/GeomMaterial.uasset" 263
"../../../Engine/Content/EngineDebugMaterials/M_SimpleTranslucent.uasset" 264
"../../../Engine/Content/Functions/Engine_MaterialFunctions02/Utility/CameraDirectionVector.uasset" 265
"../../../Engine/Content/EngineDebugMaterials/VolumeToRender.uasset" 266
"../../../Engine/Content/EngineDebugMaterials/M_VolumeRenderSphereTracePP.uasset" 267
"../../../Engine/Content/EngineDebugMaterials/WireframeMaterial.uasset" 268
"../../../Engine/Content/EngineFonts/Faces/RobotoBold.uasset" 269
"../../../Engine/Content/EngineFonts/Faces/RobotoBoldItalic.uasset" 270
"../../../Engine/Content/EngineFonts/Faces/RobotoItalic.uasset" 271
"../../../Engine/Content/EngineFonts/Faces/RobotoLight.uasset" 272
"../../../Engine/Content/EngineFonts/Faces/RobotoRegular.uasset" 273
"../../../Engine/Content/EngineFonts/Roboto.uasset" 274
"../../../Engine/Content/EngineMaterials/BaseFlattenDiffuseMap.uasset" 275
"../../../Engine/Content/EngineMaterials/BaseFlattenEmissiveMap.uasset" 276
"../../../Engine/Content/EngineMaterials/BaseFlattenGrayscaleMap.uasset" 277
"../../../Engine/Content/EngineMaterials/BaseFlattenNormalMap.uasset" 278
"../../../Engine/Content/EngineMaterials/BaseFlattenMaterial.uasset" 279
"../../../Engine/Content/EngineMaterials/BlueNoise.uasset" 280
"../../../Engine/Content/EngineMaterials/DefaultBloomKernel.uasset" 281
"../../../Engine/Content/EngineMaterials/DefaultBokeh.uasset" 282
"../../../Engine/Content/EngineMaterials/DefaultDiffuse.uasset" 283
"../../../Engine/Content/EngineMaterials/DefaultDeferredDecalMaterial.uasset" 284
"../../../Engine/Content/EngineMaterials/DefaultLightFunctionMaterial.uasset" 285
"../../../Engine/Content/EngineMaterials/DefaultPhysicalMaterial.uasset" 286
"../../../Engine/Content/Functions/Engine_MaterialFunctions02/Utility/BreakOutFloat2Components.uasset" 287
"../../../Engine/Content/EngineMaterials/DefaultPostProcessMaterial.uasset" 288
"../../../Engine/Content/EngineFonts/RobotoDistanceField.uasset" 289
"../../../Engine/Content/EngineMaterials/DefaultTextMaterialOpaque.uasset" 290
"../../../Engine/Content/EngineMaterials/DefaultVirtualTextureMaterial.uasset" 291
"../../../Engine/Content/EngineMaterials/DefaultWhiteGrid.uasset" 292
"../../../Engine/Content/EngineMaterials/EditorBrushMaterial.uasset" 293
"../../../Engine/Content/EngineMaterials/DefaultWhiteGrid_Low.uasset" 294
"../../../Engine/Content/EngineMaterials/EmissiveMeshMaterial.uasset" 295
"../../../Engine/Content/EngineMaterials/Good64x64TilingNoiseHighFreq.uasset" 296
"../../../Engine/Content/EngineMaterials/MiniFont.uasset" 297
"../../../Engine/Content/EngineMaterials/InvalidLightmapSettings.uasset" 298
"../../../Engine/Content/EngineMaterials/M_InvalidLightmapSettings.uasset" 299
"../../../Engine/Content/Functions/Engine_MaterialFunctions02/WorldPositionOffset/CameraOffset.uasset" 300
"../../../Engine/Content/EngineMaterials/PhAT_JointLimitMaterial.uasset" 301
"../../../Engine/Content/EngineMaterials/PreintegratedSkinBRDF.uasset" 302
"../../../Engine/Content/EngineMaterials/RemoveSurfaceMaterial.uasset" 303
"../../../Engine/Content/EngineMaterials/WeightMapPlaceholderTexture.uasset" 304
"../../../Engine/Content/EngineResources/WhiteSquareTexture.uasset" 305
"../../../Engine/Content/EngineMaterials/Widget3DPassThrough.uasset" 306
"../../../Engine/Content/EngineMaterials/Widget3DPassThrough_Masked.uasset" 307
"../../../Engine/Content/EngineMaterials/Widget3DPassThrough_Opaque.uasset" 308
"../../../Engine/Content/EngineMaterials/Widget3DPassThrough_Masked_OneSided.uasset" 309
"../../../Engine/Content/EngineMaterials/Widget3DPassThrough_Opaque_OneSided.uasset" 310
"../../../Engine/Content/EngineMaterials/Widget3DPassThrough_Translucent.uasset" 311
"../../../Engine/Content/EngineMaterials/Widget3DPassThrough_Translucent_OneSided.uasset" 312
"../../../Engine/Content/EngineMeshes/Cylinder.uasset" 313
"../../../Engine/Content/EngineMeshes/Sphere.uasset" 314
"../../../Engine/Content/EngineResources/Black.uasset" 315
"../../../Engine/Content/EngineResources/DefaultTexture.uasset" 316
"../../../Engine/Content/EngineResources/DefaultTextureCube.uasset" 317
"../../../Engine/Content/EngineResources/DefaultVolumeTexture2D.uasset" 318
"../../../Engine/Content/EngineResources/DefaultVolumeTexture.uasset" 319
"../../../Engine/Content/EngineResources/GradientTexture0.uasset" 320
"../../../Engine/Content/EngineSounds/Master.uasset" 321
"../../../Engine/Content/Functions/Engine_MaterialFunctions01/Shading/ConvertFromDiffSpec.uasset" 322
"../../../Engine/Content/Functions/Engine_MaterialFunctions01/Shading/PowerToRoughness.uasset" 323
"../../../Engine/Content/Maps/Templates/Thumbnails/Default.uasset" 324
"../../../Engine/Content/Maps/Templates/Thumbnails/VR-Basic.uasset" 325
"../../../Engine/Content/MobileResources/T_MobileControls_texture.uasset" 326
"../../../Engine/Content/MobileResources/T_MobileMenu2.uasset" 327
"../../../Engine/Content/MobileResources/HUD/AnalogHat.uasset" 328
"../../../Engine/Content/MobileResources/HUD/VirtualJoystick_Background.uasset" 329
"../../../Engine/Content/MobileResources/HUD/VirtualJoystick_Thumb.uasset" 330
"../../../Engine/Content/MobileResources/HUD/DefaultVirtualJoysticks.uasset" 331
"../../../Engine/Content/MobileResources/HUD/LeftVirtualJoystickOnly.uasset" 332
"../../../Engine/Content/MobileResources/HUD/MobileHUDButton1_off.uasset" 333
"../../../Engine/Content/MobileResources/HUD/MobileHUDButton1_on.uasset" 334
"../../../Engine/Content/MobileResources/HUD/MobileHUDButton2_off.uasset" 335
"../../../Engine/Content/MobileResources/HUD/MobileHUDButton2_on.uasset" 336
"../../../Engine/Content/MobileResources/HUD/MobileHUDButton3.uasset" 337
"../../../Engine/Content/MobileResources/HUD/MobileHUDButtonFire.uasset" 338
"../../../Engine/Content/MobileResources/HUD/MobileHUDDirectionPad.uasset" 339
"../../../Engine/Content/MobileResources/HUD/MobileHUDDirectionPad2.uasset" 340
"../../../Engine/Content/MobileResources/HUD/MobileHUDDirectionPad3.uasset" 341
"../../../Engine/Content/MobileResources/HUD/MobileHUDDirectionStick.uasset" 342
"../../../Engine/Content/MobileResources/HUD/T_Castle_ThumbstickInner.uasset" 343
"../../../Engine/Content/MobileResources/HUD/T_Castle_ThumbstickOutter.uasset" 344
"../../../Engine/Content/Tutorial/ContentIntroCurve.uasset" 345
"../../../Engine/Content/Tutorial/Basics/LevelEditorAttract.uasset" 346
"../../../Engine/Content/Tutorial/Basics/TutorialAssets/icon_tab_Levels_40x.uasset" 347
"../../../Engine/Content/Tutorial/Basics/LevelEditorOverview.uasset" 348
"../../../Engine/Content/Tutorial/SubEditors/ParticleSystemEditorTutorial.uasset" 349
"../../../Engine/Content/Tutorial/SubEditors/TutorialAssets/T_SmokeSubUV_8X8.uasset" 350
"../../../Engine/Content/Tutorial/SubEditors/TutorialAssets/T_soft_smoke.uasset" 351
"../../../Engine/Content/Tutorial/SubEditors/TutorialAssets/M_smoke_subUV_blackbody.uasset" 352
"../../../Engine/Content/Tutorial/SubEditors/TutorialAssets/TutorialParticleSystem.uasset" 353
"../../../Engine/Content/VREditor/LaserPointer/VR_LaserPower_01.uasset" 354
"../../../Engine/Content/VREditor/TransformGizmo/TransformGizmoMaterial.uasset" 355
"../../../Engine/Content/VREditor/TransformGizmo/TranslucentTransformGizmoMaterial.uasset" 356
"../../../Engine/Content/VREditor/TransformGizmo/BoundingBoxCorner.uasset" 357
"../../../Engine/Content/VREditor/TransformGizmo/BoundingBoxEdge.uasset" 358
"../../../Engine/Content/VREditor/TransformGizmo/PlaneTranslationHandle.uasset" 359
"../../../Engine/Content/VREditor/TransformGizmo/Main.uasset" 360
"../../../Engine/Content/VREditor/TransformGizmo/Xray.uasset" 361
"../../../Engine/Content/VREditor/TransformGizmo/SM_Sequencer_Key.uasset" 362
"../../../Engine/Content/VREditor/TransformGizmo/SM_Sequencer_Node.uasset" 363
"../../Plugins/2D/Paper2D/Content/PlaceholderTextures/DummySpriteTexture.uasset" 364
"../../Plugins/2D/Paper2D/Content/DummySprite.uasset" 365
"../../Plugins/2D/Paper2D/Content/DefaultPaperTerrainMaterial.uasset" 366
"../../Plugins/2D/Paper2D/Content/DummySpriteTexture.uasset" 367
"../../Plugins/2D/Paper2D/Content/DefaultSpriteMaterial.uasset" 368
"../../Plugins/2D/Paper2D/Content/MaskedUnlitSpriteMaterial.uasset" 369
"../../Plugins/2D/Paper2D/Content/OpaqueUnlitSpriteMaterial.uasset" 370
"../../Plugins/Runtime/Oculus/OculusVR/Content/OculusMR_RenderTarget.uasset" 371
"../../../Engine/Content/Functions/Engine_MaterialFunctions02/Utility/BreakOutFloat4Components.uasset" 372
"../../../Engine/Content/Functions/Engine_MaterialFunctions02/Utility/MakeFloat2.uasset" 373
"../../../Engine/Content/Functions/Engine_MaterialFunctions02/Utility/MakeFloat3.uasset" 374
"../../Plugins/Runtime/Oculus/OculusVR/Content/Materials/OculusMR_ChromaKey.uasset" 375
"../../Plugins/Runtime/Oculus/OculusVR/Content/Materials/OculusMR_ChromaKey_Lit.uasset" 376
"../../Plugins/Runtime/Oculus/OculusVR/Content/Materials/OculusMR_OpaqueColoredMaterial.uasset" 377
"../../Plugins/Runtime/Oculus/OculusVR/Content/Materials/OculusMR_WhiteMaterial.uasset" 378
"../../../../UT Games/ss14/Content/Map/NewMap_BuiltData.uasset" 379
"../../../Engine/Content/EngineDebugMaterials/M_SimpleOpaque.uasset" 380
"../../../Engine/Content/EditorMeshes/Camera/MI_CineCam_ViewFinder.uasset" 381
"../../../../UT Games/ss14/Content/StarterContent/Architecture/Floor_400x400.uasset" 382
"../../../../UT Games/ss14/Content/Map/NewMap.umap" 383
"../../../Engine/Content/EngineSky/C_Sky_Cloud_Color.uasset" 384
"../../../Engine/Content/EngineSky/C_Sky_Horizon_Color.uasset" 385
"../../../Engine/Content/EngineSky/C_Sky_Zenith_Color.uasset" 386
"../../../Engine/Content/EngineSky/T_Sky_Blue.uasset" 387
"../../../Engine/Content/EngineSky/T_Sky_Clouds_M.uasset" 388
"../../../Engine/Content/EngineSky/T_Sky_Stars.uasset" 389
"../../../Engine/Content/EngineSky/M_Sky_Panning_Clouds2.uasset" 390
"../../../Engine/Content/EngineSky/SM_SkySphere.uasset" 391
"../../../Engine/Content/EngineSky/BP_Sky_Sphere.uasset" 392
"../../../../UT Games/ss14/Content/Map/TestZone_BuiltData.uasset" 393
"../../../Engine/Content/MapTemplates/SM_Template_Map_Floor.uasset" 394
"../../../../UT Games/ss14/Content/Map/TestZone.umap" 395
"../../../../UT Games/ss14/Content/StarterContent/Blueprints/Assets/FogBrightnessLUT.uasset" 396
"../../../../UT Games/ss14/Content/StarterContent/Blueprints/Assets/SunlightColorLUT.uasset" 397
"../../../../UT Games/ss14/Content/StarterContent/Blueprints/Assets/M_LightStage_Arrows.uasset" 398
"../../../Engine/Content/MapTemplates/Sky/DaylightAmbientCubemap.uasset" 399
"../../../../UT Games/ss14/Content/StarterContent/Blueprints/Assets/M_LightStage_Skybox_Master.uasset" 400
"../../../../UT Games/ss14/Content/StarterContent/Blueprints/Assets/M_LightStage_Skybox_Black.uasset" 401
"../../../../UT Games/ss14/Content/StarterContent/Blueprints/Assets/M_LightStage_Skybox_HDRI.uasset" 402
"../../../Engine/Content/EditorMaterials/Thumbnails/SkySphereMaterial.uasset" 403
"../../../../UT Games/ss14/Content/StarterContent/Blueprints/Assets/Skybox.uasset" 404
"../../../../UT Games/ss14/Content/StarterContent/Blueprints/Assets/SM_Arrows.uasset" 405
"../../../../UT Games/ss14/Content/StarterContent/HDRI/HDRI_Epic_Courtyard_Daylight.uasset" 406
"../../../../UT Games/ss14/Content/StarterContent/Blueprints/BP_LightStudio.uasset" 407
"../../../../UT Games/ss14/Content/StarterContent/Maps/Advanced_Lighting_BuiltData.uasset" 408
"../../../../UT Games/ss14/Content/StarterContent/Materials/M_AssetPlatform.uasset" 409
"../../../Engine/Content/EditorMeshes/ColorCalibrator/M_ChromeBall.uasset" 410
"../../../Engine/Content/EditorMeshes/ColorCalibrator/M_ClearCoat.uasset" 411
"../../../Engine/Content/EditorMeshes/ColorCalibrator/M_ClearCoatBlack.uasset" 412
"../../../Engine/Content/EditorMeshes/ColorCalibrator/Color_checker.uasset" 413
"../../../Engine/Content/EditorMeshes/ColorCalibrator/M_ColorGrid.uasset" 414
"../../../Engine/Content/EditorMeshes/ColorCalibrator/M_GreyBall.uasset" 415
"../../../Engine/Content/EditorMeshes/ColorCalibrator/SM_ColorCalibrator.uasset" 416
"../../../../UT Games/ss14/Content/StarterContent/Architecture/SM_AssetPlatform.uasset" 417
"../../../../UT Games/ss14/Content/StarterContent/Maps/Advanced_Lighting.umap" 418
"../../../../UT Games/ss14/Content/StarterContent/Maps/Minimal_Default_BuiltData.uasset" 419
"../../../../UT Games/ss14/Content/StarterContent/Materials/M_Metal_Brushed_Nickel.uasset" 420
"../../../../UT Games/ss14/Content/StarterContent/Textures/T_Metal_Copper_D.uasset" 421
"../../../../UT Games/ss14/Content/StarterContent/Materials/M_Metal_Copper.uasset" 422
"../../../../UT Games/ss14/Content/StarterContent/Textures/T_Statue_M.uasset" 423
"../../../../UT Games/ss14/Content/StarterContent/Textures/T_Statue_N.uasset" 424
"../../../../UT Games/ss14/Content/StarterContent/Props/Materials/M_StatueGlass.uasset" 425
"../../../../UT Games/ss14/Content/StarterContent/Audio/Starter_Background_Cue.uasset" 426
"../../../../UT Games/ss14/Content/StarterContent/Props/SM_Chair.uasset" 427
"../../../../UT Games/ss14/Content/StarterContent/Props/Materials/M_Statue.uasset" 428
"../../../../UT Games/ss14/Content/StarterContent/Props/SM_Statue.uasset" 429
"../../../../UT Games/ss14/Content/StarterContent/Textures/T_TableRound_M.uasset" 430
"../../../../UT Games/ss14/Content/StarterContent/Textures/T_TableRound_N.uasset" 431
"../../../../UT Games/ss14/Content/StarterContent/Props/Materials/M_TableRound.uasset" 432
"../../../../UT Games/ss14/Content/StarterContent/Props/SM_TableRound.uasset" 433
"../../../../UT Games/ss14/Content/StarterContent/Maps/Minimal_Default.umap" 434
"../../../../UT Games/ss14/Content/StarterContent/Audio/Fire01_Cue.uasset" 435
"../../../../UT Games/ss14/Content/StarterContent/Textures/T_Fire_SubUV.uasset" 436
"../../../../UT Games/ss14/Content/StarterContent/Textures/T_Fire_Tiled_D.uasset" 437
"../../../../UT Games/ss14/Content/StarterContent/Particles/Materials/M_Fire_SubUV.uasset" 438
"../../../../UT Games/ss14/Content/StarterContent/Textures/T_Water_N.uasset" 439
"../../../../UT Games/ss14/Content/StarterContent/Particles/Materials/M_Heat_Distortion.uasset" 440
"../../../../UT Games/ss14/Content/StarterContent/Particles/Materials/M_Radial_Gradient.uasset" 441
"../../../../UT Games/ss14/Content/StarterContent/Particles/P_Fire.uasset" 442
"../../../../UT Games/ss14/Content/StarterContent/Blueprints/Blueprint_Effect_Fire.uasset" 443
"../../../../UT Games/ss14/Content/StarterContent/Audio/Smoke01_Cue.uasset" 444
"../../../../UT Games/ss14/Content/StarterContent/Particles/P_Smoke.uasset" 445
"../../../../UT Games/ss14/Content/StarterContent/Blueprints/Blueprint_Effect_Smoke.uasset" 446
"../../../../UT Games/ss14/Content/StarterContent/Audio/Fire_Sparks01_Cue.uasset" 447
"../../../../UT Games/ss14/Content/StarterContent/Textures/T_Spark_Core.uasset" 448
"../../../../UT Games/ss14/Content/StarterContent/Particles/Materials/M_Spark.uasset" 449
"../../../../UT Games/ss14/Content/StarterContent/Particles/P_Sparks.uasset" 450
"../../../../UT Games/ss14/Content/StarterContent/Blueprints/Blueprint_Effect_Sparks.uasset" 451
"../../../../UT Games/ss14/Content/StarterContent/Audio/Steam01_Cue.uasset" 452
"../../../../UT Games/ss14/Content/StarterContent/Particles/P_Steam_Lit.uasset" 453
"../../../../UT Games/ss14/Content/StarterContent/Blueprints/Blueprint_Effect_Steam.uasset" 454
"../../../../UT Games/ss14/Content/StarterContent/Textures/T_Lamp_M.uasset" 455
"../../../../UT Games/ss14/Content/StarterContent/Textures/T_Lamp_N.uasset" 456
"../../../../UT Games/ss14/Content/StarterContent/Props/Materials/M_Lamp.uasset" 457
"../../../../UT Games/ss14/Content/StarterContent/Props/SM_Lamp_Ceiling.uasset" 458
"../../../../UT Games/ss14/Content/StarterContent/Blueprints/Blueprint_CeilingLight.uasset" 459
"../../../../UT Games/ss14/Content/StarterContent/Props/SM_Lamp_Wall.uasset" 460
"../../../../UT Games/ss14/Content/StarterContent/Blueprints/Blueprint_WallSconce.uasset" 461
"../../../../UT Games/ss14/Content/StarterContent/Maps/StarterMap_BuiltData.uasset" 462
"../../../Engine/Content/Functions/Engine_MaterialFunctions03/Procedurals/ComputeFilterWidth.uasset" 463
"../../../Engine/Content/EngineMaterials/AntiAliasedTextMaterialTranslucent.uasset" 464
"../../../../UT Games/ss14/Content/StarterContent/Textures/T_Brick_Clay_Beveled_D.uasset" 465
"../../../../UT Games/ss14/Content/StarterContent/Textures/T_Brick_Clay_Beveled_M.uasset" 466
"../../../../UT Games/ss14/Content/StarterContent/Textures/T_Brick_Clay_Beveled_N.uasset" 467
"../../../../UT Games/ss14/Content/StarterContent/Materials/M_Brick_Clay_Beveled.uasset" 468
"../../../../UT Games/ss14/Content/StarterContent/Textures/T_Brick_Clay_New_D.uasset" 469
"../../../../UT Games/ss14/Content/StarterContent/Textures/T_Brick_Clay_New_M.uasset" 470
"../../../../UT Games/ss14/Content/StarterContent/Textures/T_Brick_Clay_New_N.uasset" 471
"../../../../UT Games/ss14/Content/StarterContent/Materials/M_Brick_Clay_New.uasset" 472
"../../../../UT Games/ss14/Content/StarterContent/Textures/T_Brick_Clay_Old_D.uasset" 473
"../../../../UT Games/ss14/Content/StarterContent/Textures/T_Brick_Clay_Old_N.uasset" 474
"../../../../UT Games/ss14/Content/StarterContent/Materials/M_Brick_Clay_Old.uasset" 475
"../../../../UT Games/ss14/Content/StarterContent/Textures/T_Brick_Cut_Stone_D.uasset" 476
"../../../../UT Games/ss14/Content/StarterContent/Textures/T_Brick_Cut_Stone_N.uasset" 477
"../../../../UT Games/ss14/Content/StarterContent/Materials/M_Brick_Cut_Stone.uasset" 478
"../../../../UT Games/ss14/Content/StarterContent/Textures/T_Brick_Hewn_Stone_D.uasset" 479
"../../../../UT Games/ss14/Content/StarterContent/Textures/T_Brick_Hewn_Stone_M.uasset" 480
"../../../../UT Games/ss14/Content/StarterContent/Textures/T_Brick_Hewn_Stone_N.uasset" 481
"../../../../UT Games/ss14/Content/StarterContent/Materials/M_Brick_Hewn_Stone.uasset" 482
"../../../../UT Games/ss14/Content/StarterContent/Textures/T_CobbleStone_Pebble_D.uasset" 483
"../../../../UT Games/ss14/Content/StarterContent/Textures/T_CobbleStone_Pebble_M.uasset" 484
"../../../../UT Games/ss14/Content/StarterContent/Textures/T_CobbleStone_Pebble_N.uasset" 485
"../../../../UT Games/ss14/Content/StarterContent/Materials/M_CobbleStone_Pebble.uasset" 486
"../../../../UT Games/ss14/Content/StarterContent/Textures/T_CobbleStone_Rough_D.uasset" 487
"../../../../UT Games/ss14/Content/StarterContent/Textures/T_CobbleStone_Rough_N.uasset" 488
"../../../../UT Games/ss14/Content/StarterContent/Textures/T_Gradinet_01.uasset" 489
"../../../../UT Games/ss14/Content/StarterContent/Textures/T_Rock_Smooth_Granite_D.uasset" 490
"../../../../UT Games/ss14/Content/StarterContent/Materials/M_CobbleStone_Rough.uasset" 491
"../../../../UT Games/ss14/Content/StarterContent/Textures/T_CobbleStone_Smooth_D.uasset" 492
"../../../../UT Games/ss14/Content/StarterContent/Textures/T_CobbleStone_Smooth_M.uasset" 493
"../../../../UT Games/ss14/Content/StarterContent/Textures/T_CobbleStone_Smooth_N.uasset" 494
"../../../../UT Games/ss14/Content/StarterContent/Materials/M_CobbleStone_Smooth.uasset" 495
"../../../../UT Games/ss14/Content/StarterContent/Textures/T_Concrete_Grime_D.uasset" 496
"../../../../UT Games/ss14/Content/StarterContent/Textures/T_Metal_Rust_N.uasset" 497
"../../../../UT Games/ss14/Content/StarterContent/Materials/M_Concrete_Grime.uasset" 498
"../../../../UT Games/ss14/Content/StarterContent/Textures/T_Concrete_Panels_D.uasset" 499
"../../../../UT Games/ss14/Content/StarterContent/Textures/T_Concrete_Panels_N.uasset" 500
"../../../../UT Games/ss14/Content/StarterContent/Materials/M_Concrete_Panels.uasset" 501
"../../../../UT Games/ss14/Content/StarterContent/Textures/T_Concrete_Poured_D.uasset" 502
"../../../../UT Games/ss14/Content/StarterContent/Textures/T_Concrete_Poured_N.uasset" 503
"../../../../UT Games/ss14/Content/StarterContent/Materials/M_Concrete_Poured.uasset" 504
"../../../../UT Games/ss14/Content/StarterContent/Textures/T_Ground_Grass_D.uasset" 505
"../../../../UT Games/ss14/Content/StarterContent/Textures/T_Ground_Grass_N.uasset" 506
"../../../../UT Games/ss14/Content/StarterContent/Materials/M_Ground_Grass.uasset" 507
"../../../../UT Games/ss14/Content/StarterContent/Textures/T_Ground_Gravel_D.uasset" 508
"../../../../UT Games/ss14/Content/StarterContent/Textures/T_Ground_Gravel_N.uasset" 509
"../../../../UT Games/ss14/Content/StarterContent/Materials/M_Ground_Gravel.uasset" 510
"../../../../UT Games/ss14/Content/StarterContent/Textures/T_ground_Moss_D.uasset" 511
"../../../../UT Games/ss14/Content/StarterContent/Textures/T_Ground_Moss_N.uasset" 512
"../../../../UT Games/ss14/Content/StarterContent/Materials/M_Ground_Moss.uasset" 513
"../../../../UT Games/ss14/Content/StarterContent/Materials/M_Metal_Chrome.uasset" 514
"../../../../UT Games/ss14/Content/StarterContent/Textures/T_Metal_Gold_D.uasset" 515
"../../../../UT Games/ss14/Content/StarterContent/Materials/M_Metal_Gold.uasset" 516
"../../../../UT Games/ss14/Content/StarterContent/Textures/T_Metal_Rust_D.uasset" 517
"../../../../UT Games/ss14/Content/StarterContent/Materials/M_Metal_Rust.uasset" 518
"../../../../UT Games/ss14/Content/StarterContent/Textures/T_Metal_Steel_D.uasset" 519
"../../../../UT Games/ss14/Content/StarterContent/Textures/T_Metal_Steel_N.uasset" 520
"../../../../UT Games/ss14/Content/StarterContent/Materials/M_Metal_Steel.uasset" 521
"../../../../UT Games/ss14/Content/StarterContent/Textures/T_Rock_Basalt_N.uasset" 522
"../../../../UT Games/ss14/Content/StarterContent/Materials/M_Rock_Basalt.uasset" 523
"../../../../UT Games/ss14/Content/StarterContent/Materials/M_Rock_Marble_Polished.uasset" 524
"../../../../UT Games/ss14/Content/StarterContent/Textures/T_Rock_Sandstone_D.uasset" 525
"../../../../UT Games/ss14/Content/StarterContent/Textures/T_Rock_Sandstone_N.uasset" 526
"../../../../UT Games/ss14/Content/StarterContent/Materials/M_Rock_Sandstone.uasset" 527
"../../../../UT Games/ss14/Content/StarterContent/Textures/T_Rock_Slate_D.uasset" 528
"../../../../UT Games/ss14/Content/StarterContent/Textures/T_Rock_Slate_N.uasset" 529
"../../../../UT Games/ss14/Content/StarterContent/Materials/M_Rock_Slate.uasset" 530
"../../../../UT Games/ss14/Content/StarterContent/Textures/T_Checker_Noise_M.uasset" 531
"../../../../UT Games/ss14/Content/StarterContent/Textures/T_Single_Tile_N.uasset" 532
"../../../../UT Games/ss14/Content/StarterContent/Textures/T_Tech_Dot_M.uasset" 533
"../../../../UT Games/ss14/Content/StarterContent/Textures/T_Tech_Dot_N.uasset" 534
"../../../../UT Games/ss14/Content/StarterContent/Materials/M_Tech_Checker_Dot.uasset" 535
"../../../../UT Games/ss14/Content/StarterContent/Textures/T_Tech_Hex_Tile_M.uasset" 536
"../../../../UT Games/ss14/Content/StarterContent/Textures/T_Tech_Hex_Tile_N.uasset" 537
"../../../../UT Games/ss14/Content/StarterContent/Materials/M_Tech_Hex_Tile.uasset" 538
"../../../../UT Games/ss14/Content/StarterContent/Materials/M_Tech_Hex_Tile_Pulse.uasset" 539
"../../../../UT Games/ss14/Content/StarterContent/Textures/T_Tech_Panel_M.uasset" 540
"../../../../UT Games/ss14/Content/StarterContent/Textures/T_Tech_Panel_N.uasset" 541
"../../../../UT Games/ss14/Content/StarterContent/Materials/M_Tech_Panel.uasset" 542
"../../../../UT Games/ss14/Content/StarterContent/Materials/M_Water_Lake.uasset" 543
"../../../../UT Games/ss14/Content/StarterContent/Textures/T_Water_M.uasset" 544
"../../../../UT Games/ss14/Content/StarterContent/Materials/M_Water_Ocean.uasset" 545
"../../../../UT Games/ss14/Content/StarterContent/Textures/T_Wood_Floor_Walnut_D.uasset" 546
"../../../../UT Games/ss14/Content/StarterContent/Textures/T_Wood_Floor_Walnut_M.uasset" 547
"../../../../UT Games/ss14/Content/StarterContent/Textures/T_Wood_Floor_Walnut_N.uasset" 548
"../../../../UT Games/ss14/Content/StarterContent/Materials/M_Wood_Floor_Walnut_Polished.uasset" 549
"../../../Engine/Content/Functions/Engine_MaterialFunctions01/Opacity/AlphaOffset.uasset" 550
"../../../../UT Games/ss14/Content/StarterContent/Materials/M_Wood_Floor_Walnut_Worn.uasset" 551
"../../../../UT Games/ss14/Content/StarterContent/Textures/T_Wood_Oak_D.uasset" 552
"../../../../UT Games/ss14/Content/StarterContent/Textures/T_Wood_Oak_N.uasset" 553
"../../../../UT Games/ss14/Content/StarterContent/Materials/M_Wood_Oak.uasset" 554
"../../../../UT Games/ss14/Content/StarterContent/Textures/T_Wood_Pine_D.uasset" 555
"../../../../UT Games/ss14/Content/StarterContent/Textures/T_Wood_Pine_N.uasset" 556
"../../../../UT Games/ss14/Content/StarterContent/Materials/M_Wood_Pine.uasset" 557
"../../../../UT Games/ss14/Content/StarterContent/Textures/T_Wood_Walnut_D.uasset" 558
"../../../../UT Games/ss14/Content/StarterContent/Textures/T_Wood_Walnut_N.uasset" 559
"../../../../UT Games/ss14/Content/StarterContent/Materials/M_Wood_Walnut.uasset" 560
"../../../../UT Games/ss14/Content/StarterContent/Architecture/Wall_400x200.uasset" 561
"../../../../UT Games/ss14/Content/StarterContent/Architecture/Wall_Door_400x300.uasset" 562
"../../../../UT Games/ss14/Content/StarterContent/Architecture/Wall_Window_400x300.uasset" 563
"../../../../UT Games/ss14/Content/StarterContent/Audio/Collapse_Cue.uasset" 564
"../../../../UT Games/ss14/Content/StarterContent/Audio/Starter_Music_Cue.uasset" 565
"../../../../UT Games/ss14/Content/StarterContent/Textures/T_Dust_Particle_D.uasset" 566
"../../../../UT Games/ss14/Content/StarterContent/Particles/Materials/M_Dust_Particle.uasset" 567
"../../../../UT Games/ss14/Content/StarterContent/Particles/P_Ambient_Dust.uasset" 568
"../../../../UT Games/ss14/Content/StarterContent/Props/MaterialSphere.uasset" 569
"../../../../UT Games/ss14/Content/StarterContent/Textures/T_Frame_M.uasset" 570
"../../../../UT Games/ss14/Content/StarterContent/Textures/T_Frame_N.uasset" 571
"../../../../UT Games/ss14/Content/StarterContent/Props/Materials/M_Frame.uasset" 572
"../../../../UT Games/ss14/Content/StarterContent/Props/SM_CornerFrame.uasset" 573
"../../../../UT Games/ss14/Content/StarterContent/Props/SM_DoorFrame.uasset" 574
"../../../../UT Games/ss14/Content/StarterContent/Props/SM_GlassWindow.uasset" 575
"../../../../UT Games/ss14/Content/StarterContent/Props/SM_PillarFrame.uasset" 576
"../../../../UT Games/ss14/Content/StarterContent/Props/SM_PillarFrame300.uasset" 577
"../../../../UT Games/ss14/Content/StarterContent/Props/SM_WindowFrame.uasset" 578
"../../../../UT Games/ss14/Content/StarterContent/Shapes/Shape_Cube.uasset" 579
"../../../../UT Games/ss14/Content/StarterContent/Shapes/Shape_QuadPyramid.uasset" 580
"../../../../UT Games/ss14/Content/StarterContent/Shapes/Shape_Sphere.uasset" 581
"../../../../UT Games/ss14/Content/StarterContent/Maps/StarterMap.umap" 582
"../../../Engine/Content/Maps/Entry_BuiltData.uasset" 583
"../../../Engine/Content/Maps/Entry.umap" 584
